<?xml version="1.0" encoding="UTF-8"?>
<!-- Generated by org.testng.reporters.JUnitReportReporter -->
<testsuite skipped="0" hostname="INDHYDELP029" name="com.demo.testNG.Random.TestNGFlow" tests="3" failures="0" timestamp="25 Mar 2018 10:40:23 GMT" time="0.016" errors="0">
  <testcase name="testCase2" time="0.009" classname="com.demo.testNG.Random.TestNGFlow"/>
  <testcase name="testCase1" time="0.004" classname="com.demo.testNG.Random.TestNGFlow"/>
  <testcase name="testCase1" time="0.003" classname="com.demo.testNG.Random.TestNGFlow"/>
</testsuite> <!-- com.demo.testNG.Random.TestNGFlow -->
