<?xml version="1.0" encoding="UTF-8"?>
<!-- Generated by org.testng.reporters.JUnitReportReporter -->
<testsuite skipped="0" hostname="INDHYDELP029" name="com.demo.testNG.AssertVsVerify.AssertVsVerify" tests="1" failures="0" timestamp="09 Apr 2018 12:18:24 GMT" time="8.447" errors="0">
  <testcase name="testNG" time="8.447" classname="com.demo.testNG.AssertVsVerify.AssertVsVerify"/>
</testsuite> <!-- com.demo.testNG.AssertVsVerify.AssertVsVerify -->
