<?xml version="1.0" encoding="UTF-8"?>
<!-- Generated by org.testng.reporters.JUnitReportReporter -->
<testsuite skipped="0" hostname="INDHYDELP029" name="com.demo.testNG.parameters.ParametersInTestNG" tests="1" failures="0" timestamp="25 Mar 2018 12:05:11 GMT" time="41.513" errors="0">
  <testcase name="parameters" time="41.513" classname="com.demo.testNG.parameters.ParametersInTestNG"/>
</testsuite> <!-- com.demo.testNG.parameters.ParametersInTestNG -->
