<?xml version="1.0" encoding="UTF-8"?>
<!-- Generated by org.testng.reporters.JUnitReportReporter -->
<testsuite skipped="0" hostname="INDHYDELP029" name="com.demo.webdriver.webpageActions.WebPageActions" tests="1" failures="0" timestamp="29 Apr 2018 04:50:51 GMT" time="8.326" errors="0">
  <testcase name="launchdriver" time="8.326" classname="com.demo.webdriver.webpageActions.WebPageActions"/>
</testsuite> <!-- com.demo.webdriver.webpageActions.WebPageActions -->
