<?xml version="1.0" encoding="UTF-8"?>
<!-- Generated by org.testng.reporters.JUnitReportReporter -->
<testsuite skipped="0" hostname="INDHYDELP029" name="com.demo.testNG.Random.TestNGFlow" tests="3" failures="0" timestamp="03 Aug 2018 03:58:14 GMT" time="0.003" errors="0">
  <testcase name="testCase2" time="0.001" classname="com.demo.testNG.Random.TestNGFlow"/>
  <testcase name="testCase1" time="0.001" classname="com.demo.testNG.Random.TestNGFlow"/>
  <testcase name="testCase1" time="0.001" classname="com.demo.testNG.Random.TestNGFlow"/>
</testsuite> <!-- com.demo.testNG.Random.TestNGFlow -->
