<?xml version="1.0" encoding="UTF-8"?>
<!-- Generated by org.testng.reporters.JUnitReportReporter -->
<testsuite skipped="0" hostname="INDHYDELP029" name="com.demo.testNG.Random.ParametersInTestNG" tests="1" failures="0" timestamp="22 Mar 2018 13:07:34 GMT" time="44.592" errors="0">
  <testcase name="parameters" time="44.592" classname="com.demo.testNG.Random.ParametersInTestNG"/>
</testsuite> <!-- com.demo.testNG.Random.ParametersInTestNG -->
