<?xml version="1.0" encoding="UTF-8"?>
<!-- Generated by org.testng.reporters.JUnitReportReporter -->
<testsuite skipped="0" hostname="SeleniumGeek" name="com.demo.testNG.Random.TestNGFlow" tests="3" failures="0" timestamp="31 Mar 2019 04:59:30 GMT" time="0.051" errors="0">
  <testcase name="testCase2" time="0.030" classname="com.demo.testNG.Random.TestNGFlow"/>
  <testcase name="testCase1" time="0.012" classname="com.demo.testNG.Random.TestNGFlow"/>
  <testcase name="testCase1" time="0.009" classname="com.demo.testNG.Random.TestNGFlow"/>
</testsuite> <!-- com.demo.testNG.Random.TestNGFlow -->
